ModuleWindow.obj : error LNK2001: símbolo externo SDL_GetError sin resolver
ModuleAudio.obj : error LNK2001: símbolo externo SDL_GetError sin resolver
ModuleInput.obj : error LNK2001: símbolo externo SDL_GetError sin resolver
ModuleRender.obj : error LNK2001: símbolo externo SDL_GetError sin resolver
ModuleTextures.obj : error LNK2001: símbolo externo SDL_GetError sin resolver
ModuleAudio.obj : error LNK2019: símbolo externo SDL_RWFromFile sin resolver al que se hace referencia en la función "public: unsigned int __cdecl ModuleAudio::LoadFx(char const *)" (?LoadFx@ModuleAudio@@QEAAIPEBD@Z)
ModuleAudio.obj : error LNK2019: símbolo externo SDL_InitSubSystem sin resolver al que se hace referencia en la función "public: virtual bool __cdecl ModuleAudio::Init(void)" (?Init@ModuleAudio@@UEAA_NXZ)
ModuleInput.obj : error LNK2001: símbolo externo SDL_InitSubSystem sin resolver
ModuleAudio.obj : error LNK2019: símbolo externo SDL_QuitSubSystem sin resolver al que se hace referencia en la función "public: virtual bool __cdecl ModuleAudio::CleanUp(void)" (?CleanUp@ModuleAudio@@UEAA_NXZ)
ModuleInput.obj : error LNK2001: símbolo externo SDL_QuitSubSystem sin resolver
ModuleAudio.obj : error LNK2019: símbolo externo Mix_Init sin resolver al que se hace referencia en la función "public: virtual bool __cdecl ModuleAudio::Init(void)" (?Init@ModuleAudio@@UEAA_NXZ)
ModuleAudio.obj : error LNK2019: símbolo externo Mix_Quit sin resolver al que se hace referencia en la función "public: virtual bool __cdecl ModuleAudio::CleanUp(void)" (?CleanUp@ModuleAudio@@UEAA_NXZ)
ModuleAudio.obj : error LNK2019: símbolo externo Mix_OpenAudio sin resolver al que se hace referencia en la función "public: virtual bool __cdecl ModuleAudio::Init(void)" (?Init@ModuleAudio@@UEAA_NXZ)
ModuleAudio.obj : error LNK2019: símbolo externo Mix_LoadWAV_RW sin resolver al que se hace referencia en la función "public: unsigned int __cdecl ModuleAudio::LoadFx(char const *)" (?LoadFx@ModuleAudio@@QEAAIPEBD@Z)
ModuleAudio.obj : error LNK2019: símbolo externo Mix_LoadMUS sin resolver al que se hace referencia en la función "public: bool __cdecl ModuleAudio::PlayMusic(char const *,float)" (?PlayMusic@ModuleAudio@@QEAA_NPEBDM@Z)
ModuleAudio.obj : error LNK2019: símbolo externo Mix_FreeChunk sin resolver al que se hace referencia en la función "public: virtual bool __cdecl ModuleAudio::CleanUp(void)" (?CleanUp@ModuleAudio@@UEAA_NXZ)
ModuleAudio.obj : error LNK2019: símbolo externo Mix_FreeMusic sin resolver al que se hace referencia en la función "public: virtual bool __cdecl ModuleAudio::CleanUp(void)" (?CleanUp@ModuleAudio@@UEAA_NXZ)
SceneLevel1.obj : error LNK2001: símbolo externo Mix_FreeMusic sin resolver
ModuleAudio.obj : error LNK2019: símbolo externo Mix_PlayChannelTimed sin resolver al que se hace referencia en la función "public: bool __cdecl ModuleAudio::PlayFx(unsigned int,int)" (?PlayFx@ModuleAudio@@QEAA_NIH@Z)
ModuleAudio.obj : error LNK2019: símbolo externo Mix_PlayMusic sin resolver al que se hace referencia en la función "public: bool __cdecl ModuleAudio::PlayMusic(char const *,float)" (?PlayMusic@ModuleAudio@@QEAA_NPEBDM@Z)
ModuleAudio.obj : error LNK2019: símbolo externo Mix_FadeInMusic sin resolver al que se hace referencia en la función "public: bool __cdecl ModuleAudio::PlayMusic(char const *,float)" (?PlayMusic@ModuleAudio@@QEAA_NPEBDM@Z)
ModuleAudio.obj : error LNK2019: símbolo externo Mix_HaltMusic sin resolver al que se hace referencia en la función "public: bool __cdecl ModuleAudio::PlayMusic(char const *,float)" (?PlayMusic@ModuleAudio@@QEAA_NPEBDM@Z)
ModuleAudio.obj : error LNK2019: símbolo externo Mix_FadeOutMusic sin resolver al que se hace referencia en la función "public: bool __cdecl ModuleAudio::PlayMusic(char const *,float)" (?PlayMusic@ModuleAudio@@QEAA_NPEBDM@Z)
ModuleAudio.obj : error LNK2019: símbolo externo Mix_CloseAudio sin resolver al que se hace referencia en la función "public: virtual bool __cdecl ModuleAudio::CleanUp(void)" (?CleanUp@ModuleAudio@@UEAA_NXZ)
ModuleFadeToBlack.obj : error LNK2019: símbolo externo SDL_SetRenderDrawColor sin resolver al que se hace referencia en la función "public: virtual enum update_status __cdecl ModuleFadeToBlack::PostUpdate(void)" (?PostUpdate@ModuleFadeToBlack@@UEAA?AW4update_status@@XZ)
ModuleRender.obj : error LNK2001: símbolo externo SDL_SetRenderDrawColor sin resolver
ModuleFadeToBlack.obj : error LNK2019: símbolo externo SDL_SetRenderDrawBlendMode sin resolver al que se hace referencia en la función "public: virtual bool __cdecl ModuleFadeToBlack::Start(void)" (?Start@ModuleFadeToBlack@@UEAA_NXZ)
ModuleRender.obj : error LNK2001: símbolo externo SDL_SetRenderDrawBlendMode sin resolver
ModuleFadeToBlack.obj : error LNK2019: símbolo externo SDL_RenderFillRect sin resolver al que se hace referencia en la función "public: virtual enum update_status __cdecl ModuleFadeToBlack::PostUpdate(void)" (?PostUpdate@ModuleFadeToBlack@@UEAA?AW4update_status@@XZ)
ModuleRender.obj : error LNK2001: símbolo externo SDL_RenderFillRect sin resolver
ModuleInput.obj : error LNK2019: símbolo externo SDL_GetKeyboardState sin resolver al que se hace referencia en la función "public: virtual enum update_status __cdecl ModuleInput::PreUpdate(void)" (?PreUpdate@ModuleInput@@UEAA?AW4update_status@@XZ)
ModuleInput.obj : error LNK2019: símbolo externo SDL_PumpEvents sin resolver al que se hace referencia en la función "public: virtual enum update_status __cdecl ModuleInput::PreUpdate(void)" (?PreUpdate@ModuleInput@@UEAA?AW4update_status@@XZ)
ModuleInput.obj : error LNK2019: símbolo externo SDL_PollEvent sin resolver al que se hace referencia en la función "public: virtual enum update_status __cdecl ModuleInput::PreUpdate(void)" (?PreUpdate@ModuleInput@@UEAA?AW4update_status@@XZ)
ModuleInput.obj : error LNK2019: símbolo externo SDL_Init sin resolver al que se hace referencia en la función "public: virtual bool __cdecl ModuleInput::Init(void)" (?Init@ModuleInput@@UEAA_NXZ)
ModuleWindow.obj : error LNK2001: símbolo externo SDL_Init sin resolver
ModuleRender.obj : error LNK2019: símbolo externo SDL_CreateRenderer sin resolver al que se hace referencia en la función "public: virtual bool __cdecl ModuleRender::Init(void)" (?Init@ModuleRender@@UEAA_NXZ)
ModuleRender.obj : error LNK2019: símbolo externo SDL_QueryTexture sin resolver al que se hace referencia en la función "public: bool __cdecl ModuleRender::Blit(struct SDL_Texture *,int,int,struct SDL_Rect const *,float)" (?Blit@ModuleRender@@QEAA_NPEAUSDL_Texture@@HHPEBUSDL_Rect@@M@Z)
ModuleTextures.obj : error LNK2001: símbolo externo SDL_QueryTexture sin resolver
ModuleRender.obj : error LNK2019: símbolo externo SDL_RenderClear sin resolver al que se hace referencia en la función "public: virtual enum update_status __cdecl ModuleRender::PreUpdate(void)" (?PreUpdate@ModuleRender@@UEAA?AW4update_status@@XZ)
ModuleRender.obj : error LNK2019: símbolo externo SDL_RenderCopy sin resolver al que se hace referencia en la función "public: bool __cdecl ModuleRender::Blit(struct SDL_Texture *,int,int,struct SDL_Rect const *,float)" (?Blit@ModuleRender@@QEAA_NPEAUSDL_Texture@@HHPEBUSDL_Rect@@M@Z)
ModuleRender.obj : error LNK2019: símbolo externo SDL_RenderPresent sin resolver al que se hace referencia en la función "public: virtual enum update_status __cdecl ModuleRender::PostUpdate(void)" (?PostUpdate@ModuleRender@@UEAA?AW4update_status@@XZ)
ModuleRender.obj : error LNK2019: símbolo externo SDL_DestroyRenderer sin resolver al que se hace referencia en la función "public: virtual bool __cdecl ModuleRender::CleanUp(void)" (?CleanUp@ModuleRender@@UEAA_NXZ)
SceneIntro.obj : error LNK2019: símbolo externo SDL_DestroyTexture sin resolver al que se hace referencia en la función "public: virtual bool __cdecl SceneIntro::CleanUp(void)" (?CleanUp@SceneIntro@@UEAA_NXZ)
SceneLevel1.obj : error LNK2001: símbolo externo SDL_DestroyTexture sin resolver
ModuleTextures.obj : error LNK2001: símbolo externo SDL_DestroyTexture sin resolver
ModuleTextures.obj : error LNK2019: símbolo externo SDL_FreeSurface sin resolver al que se hace referencia en la función "public: struct SDL_Texture * __cdecl ModuleTextures::Load(char const *)" (?Load@ModuleTextures@@QEAAQEAUSDL_Texture@@PEBD@Z)
ModuleTextures.obj : error LNK2019: símbolo externo SDL_CreateTextureFromSurface sin resolver al que se hace referencia en la función "public: struct SDL_Texture * __cdecl ModuleTextures::Load(char const *)" (?Load@ModuleTextures@@QEAAQEAUSDL_Texture@@PEBD@Z)
ModuleTextures.obj : error LNK2019: símbolo externo IMG_Init sin resolver al que se hace referencia en la función "public: virtual bool __cdecl ModuleTextures::Init(void)" (?Init@ModuleTextures@@UEAA_NXZ)
ModuleTextures.obj : error LNK2019: símbolo externo IMG_Quit sin resolver al que se hace referencia en la función "public: virtual bool __cdecl ModuleTextures::CleanUp(void)" (?CleanUp@ModuleTextures@@UEAA_NXZ)
ModuleTextures.obj : error LNK2019: símbolo externo IMG_Load sin resolver al que se hace referencia en la función "public: struct SDL_Texture * __cdecl ModuleTextures::Load(char const *)" (?Load@ModuleTextures@@QEAAQEAUSDL_Texture@@PEBD@Z)
ModuleWindow.obj : error LNK2019: símbolo externo SDL_CreateWindow sin resolver al que se hace referencia en la función "public: virtual bool __cdecl ModuleWindow::Init(void)" (?Init@ModuleWindow@@UEAA_NXZ)
ModuleWindow.obj : error LNK2019: símbolo externo SDL_GetWindowSurface sin resolver al que se hace referencia en la función "public: virtual bool __cdecl ModuleWindow::Init(void)" (?Init@ModuleWindow@@UEAA_NXZ)
ModuleWindow.obj : error LNK2019: símbolo externo SDL_DestroyWindow sin resolver al que se hace referencia en la función "public: virtual bool __cdecl ModuleWindow::CleanUp(void)" (?CleanUp@ModuleWindow@@UEAA_NXZ)
ModuleWindow.obj : error LNK2019: símbolo externo SDL_Quit sin resolver al que se hace referencia en la función "public: virtual bool __cdecl ModuleWindow::CleanUp(void)" (?CleanUp@ModuleWindow@@UEAA_NXZ)
MSVCRTD.lib(exe_main.obj) : error LNK2019: símbolo externo main sin resolver al que se hace referencia en la función "int __cdecl invoke_main(void)" (?invoke_main@@YAHXZ)
C:\Users\Pol\Documents\GitHub\Snow-Bros\Snow-Bros\\SnowBros\External_Libraries\SDL\libx86\SDL2.lib : warning LNK4272: el tipo de máquina de biblioteca 'x86' está en conflicto con el tipo de máquina de destino 'x64'
C:\Users\Pol\Documents\GitHub\Snow-Bros\Snow-Bros\\SnowBros\External_Libraries\SDL\libx86\SDL2main.lib : warning LNK4272: el tipo de máquina de biblioteca 'x86' está en conflicto con el tipo de máquina de destino 'x64'
C:\Users\Pol\Documents\GitHub\Snow-Bros\Snow-Bros\\SnowBros\External_Libraries\SDL_mixer\libx86\SDL2_mixer.lib : warning LNK4272: el tipo de máquina de biblioteca 'x86' está en conflicto con el tipo de máquina de destino 'x64'
C:\Users\Pol\Documents\GitHub\Snow-Bros\Snow-Bros\\SnowBros\External_Libraries\SDL_image\libx86\SDL2_image.lib : warning LNK4272: el tipo de máquina de biblioteca 'x86' está en conflicto con el tipo de máquina de destino 'x64'
C:\Users\Pol\Documents\GitHub\Snow-Bros\Snow-Bros\x64\Debug\SnowBros.exe : fatal error LNK1120: 41 externos sin resolver
